This file contains any messages produced by compilers while
running configure, to aid debugging if configure makes a mistake.

It was created by configure, which was
generated by GNU Autoconf 2.52.  Invocation command line was

  $ ./configure --prefix=/uscms_data/d2/cdj/build/temp/cleo/newer/FrameStream/Common

## ---------- ##
## Platform.  ##
## ---------- ##

hostname = cmslpc-el8-heavy02.fnal.gov
uname -m = x86_64
uname -r = 4.18.0-553.30.1.el8_10.x86_64
uname -s = Linux
uname -v = #1 SMP Tue Nov 26 02:30:26 EST 2024

/usr/bin/uname -p = x86_64
/bin/uname -X     = unknown

/bin/arch              = x86_64
/usr/bin/arch -k       = unknown
/usr/convex/getsysinfo = unknown
hostinfo               = unknown
/bin/machine           = unknown
/usr/bin/oslevel       = unknown
/bin/universe          = unknown

PATH = /usr/local/bin:/usr/bin:/usr/local/sbin:/usr/sbin:/opt/puppetlabs/bin:/opt/puppetlabs/bin

## ------------ ##
## Core tests.  ##
## ------------ ##

configure:987: PATH=".;."; conftest.sh
./configure: line 988: conftest.sh: command not found
configure:990: $? = 127
configure:1030: checking build system type
configure:1048: result: x86_64-unknown-linux-gnu
configure:1055: checking host system type
configure:1069: result: x86_64-unknown-linux-gnu
configure:1076: checking target system type
configure:1090: result: x86_64-unknown-linux-gnu
configure:1164: checking for a BSD compatible install
configure:1213: result: /usr/bin/install -c
configure:1291: result: using shell safe 'type' command
configure:1299: checking for find
configure:1314: found /usr/bin/find
configure:1322: result: find
configure:1338: checking for mkdirhier
configure:1353: found /usr/bin/mkdirhier
configure:1362: result: mkdirhier
configure:1369: checking whether make sets ${MAKE}
configure:1389: result: yes
configure:1441: checking for gcc
configure:1456: found /usr/bin/gcc
configure:1464: result: gcc
configure:1692: checking for C compiler version
configure:1695: gcc --version </dev/null >&5
gcc (GCC) 8.5.0 20210514 (Red Hat 8.5.0-23)
Copyright (C) 2018 Free Software Foundation, Inc.
This is free software; see the source for copying conditions.  There is NO
warranty; not even for MERCHANTABILITY or FITNESS FOR A PARTICULAR PURPOSE.

configure:1698: $? = 0
configure:1700: gcc -v </dev/null >&5
Using built-in specs.
COLLECT_GCC=gcc
COLLECT_LTO_WRAPPER=/usr/libexec/gcc/x86_64-redhat-linux/8/lto-wrapper
OFFLOAD_TARGET_NAMES=nvptx-none
OFFLOAD_TARGET_DEFAULT=1
Target: x86_64-redhat-linux
Configured with: ../configure --enable-bootstrap --enable-languages=c,c++,fortran,lto --prefix=/usr --mandir=/usr/share/man --infodir=/usr/share/info --with-bugurl=http://bugs.almalinux.org/ --enable-shared --enable-threads=posix --enable-checking=release --enable-multilib --with-system-zlib --enable-__cxa_atexit --disable-libunwind-exceptions --enable-gnu-unique-object --enable-linker-build-id --with-gcc-major-version-only --with-linker-hash-style=gnu --enable-plugin --enable-initfini-array --with-isl --disable-libmpx --enable-offload-targets=nvptx-none --without-cuda-driver --enable-gnu-indirect-function --enable-cet --with-tune=generic --with-arch_32=x86-64 --build=x86_64-redhat-linux
Thread model: posix
gcc version 8.5.0 20210514 (Red Hat 8.5.0-23) (GCC) 
configure:1703: $? = 0
configure:1705: gcc -V </dev/null >&5
gcc: error: unrecognized command line option '-V'
gcc: fatal error: no input files
compilation terminated.
configure:1708: $? = 1
configure:1728: checking for C compiler default output
configure:1731: gcc    conftest.c  >&5
configure:1734: $? = 0
configure:1763: result: a.out
configure:1768: checking whether the C compiler works
configure:1774: ./a.out
configure:1777: $? = 0
configure:1792: result: yes
configure:1799: checking whether we are cross compiling
configure:1801: result: no
configure:1804: checking for executable suffix
configure:1806: gcc -o conftest    conftest.c  >&5
configure:1809: $? = 0
configure:1831: result: 
configure:1837: checking for object suffix
configure:1855: gcc -c   conftest.c >&5
configure:1858: $? = 0
configure:1877: result: o
configure:1881: checking whether we are using the GNU C compiler
configure:1902: gcc -c   conftest.c >&5
configure:1905: $? = 0
configure:1908: test -s conftest.o
configure:1911: $? = 0
configure:1923: result: yes
configure:1929: checking whether gcc accepts -g
configure:1947: gcc -c -g  conftest.c >&5
configure:1950: $? = 0
configure:1953: test -s conftest.o
configure:1956: $? = 0
configure:1966: result: yes
configure:1993: gcc -c -g -O2  conftest.c >&5
conftest.c:2:3: error: unknown type name 'choke'
   choke me
   ^~~~~
conftest.c:2:3: error: expected '=', ',', ';', 'asm' or '__attribute__' at end of input
configure:1996: $? = 1
configure: failed program was:
#ifndef __cplusplus
  choke me
#endif
configure:2119: checking for C compiler...
configure:2126: checking for cc
configure:2141: found /usr/bin/cc
configure:2149: result: cc
configure:2296: checking how to run the C preprocessor
configure:2322: cc -E  conftest.c
configure:2328: $? = 0
configure:2355: cc -E  conftest.c
configure:2352:10: fatal error: ac_nonexistent.h: No such file or directory
 #include "confdefs.h"
          ^~~~~~~~~~~~      
compilation terminated.
configure:2361: $? = 1
configure: failed program was:
#line 2351 "configure"
#include "confdefs.h"
#include <ac_nonexistent.h>
configure:2398: result: cc -E
configure:2413: cc -E  conftest.c
configure:2419: $? = 0
configure:2446: cc -E  conftest.c
configure:2443:10: fatal error: ac_nonexistent.h: No such file or directory
 #include "confdefs.h"
          ^~~~~~~~~~~~      
compilation terminated.
configure:2452: $? = 1
configure: failed program was:
#line 2442 "configure"
#include "confdefs.h"
#include <ac_nonexistent.h>
configure:2546: checking for g++
configure:2561: found /usr/bin/g++
configure:2569: result: g++
configure:2584: checking for C++ compiler version
configure:2587: g++ --version </dev/null >&5
g++ (GCC) 8.5.0 20210514 (Red Hat 8.5.0-23)
Copyright (C) 2018 Free Software Foundation, Inc.
This is free software; see the source for copying conditions.  There is NO
warranty; not even for MERCHANTABILITY or FITNESS FOR A PARTICULAR PURPOSE.

configure:2590: $? = 0
configure:2592: g++ -v </dev/null >&5
Using built-in specs.
COLLECT_GCC=g++
COLLECT_LTO_WRAPPER=/usr/libexec/gcc/x86_64-redhat-linux/8/lto-wrapper
OFFLOAD_TARGET_NAMES=nvptx-none
OFFLOAD_TARGET_DEFAULT=1
Target: x86_64-redhat-linux
Configured with: ../configure --enable-bootstrap --enable-languages=c,c++,fortran,lto --prefix=/usr --mandir=/usr/share/man --infodir=/usr/share/info --with-bugurl=http://bugs.almalinux.org/ --enable-shared --enable-threads=posix --enable-checking=release --enable-multilib --with-system-zlib --enable-__cxa_atexit --disable-libunwind-exceptions --enable-gnu-unique-object --enable-linker-build-id --with-gcc-major-version-only --with-linker-hash-style=gnu --enable-plugin --enable-initfini-array --with-isl --disable-libmpx --enable-offload-targets=nvptx-none --without-cuda-driver --enable-gnu-indirect-function --enable-cet --with-tune=generic --with-arch_32=x86-64 --build=x86_64-redhat-linux
Thread model: posix
gcc version 8.5.0 20210514 (Red Hat 8.5.0-23) (GCC) 
configure:2595: $? = 0
configure:2597: g++ -V </dev/null >&5
g++: error: unrecognized command line option '-V'
g++: fatal error: no input files
compilation terminated.
configure:2600: $? = 1
configure:2603: checking whether we are using the GNU C++ compiler
configure:2624: g++ -c   conftest.cc >&5
configure:2627: $? = 0
configure:2630: test -s conftest.o
configure:2633: $? = 0
configure:2645: result: yes
configure:2651: checking whether g++ accepts -g
configure:2669: g++ -c -g  conftest.cc >&5
configure:2672: $? = 0
configure:2675: test -s conftest.o
configure:2678: $? = 0
configure:2688: result: yes
configure:2728: g++ -c -g -O2  conftest.cc >&5
configure:2731: $? = 0
configure:2734: test -s conftest.o
configure:2737: $? = 0
configure:2759: g++ -c -g -O2  conftest.cc >&5
configure: In function 'int main()':
configure:2752:1: error: 'exit' was not declared in this scope
 {
 ^   
configure:2762: $? = 1
configure: failed program was:
#line 2747 "configure"
#include "confdefs.h"

int
main ()
{
exit (42);
  ;
  return 0;
}
configure:2728: g++ -c -g -O2  conftest.cc >&5
configure:2731: $? = 0
configure:2734: test -s conftest.o
configure:2737: $? = 0
configure:2759: g++ -c -g -O2  conftest.cc >&5
configure:2762: $? = 0
configure:2765: test -s conftest.o
configure:2768: $? = 0
configure:2825: checking for C++ compiler...
configure:2832: checking for c++
configure:2847: found /usr/bin/c++
configure:2855: result: c++
configure:3115: checking how to run the C++ preprocessor
configure:3137: c++ -E  conftest.cc
configure:3143: $? = 0
configure:3170: c++ -E  conftest.cc
configure:3167:10: fatal error: ac_nonexistent.h: No such file or directory
 #include "confdefs.h"
          ^~~~~~~~~~~~      
compilation terminated.
configure:3176: $? = 1
configure: failed program was:
#line 3166 "configure"
#include "confdefs.h"
#include <ac_nonexistent.h>
configure:3213: result: c++ -E
configure:3228: c++ -E  conftest.cc
configure:3234: $? = 0
configure:3261: c++ -E  conftest.cc
configure:3258:10: fatal error: ac_nonexistent.h: No such file or directory
 #include "confdefs.h"
          ^~~~~~~~~~~~      
compilation terminated.
configure:3267: $? = 1
configure: failed program was:
#line 3257 "configure"
#include "confdefs.h"
#include <ac_nonexistent.h>
configure:3316: checking which link command to use for C++
configure:3318: result: ${CXX} -o
configure:3328: checking Features of c++...
configure:3337: checking whether C++ understands exceptions
configure:3369: c++ -c   conftest.cc >&5
configure:3372: $? = 0
configure:3375: test -s conftest.o
configure:3378: $? = 0
configure:3421: result: yes
configure:3428: checking Do we use exceptions for this setup
configure:3435: result: yes
configure:3457: checking how to get dependencies from compiler
configure:3488: result: 
configure:3517: checking for multithreading
configure:3526: result: no
configure:3847: checking for cc option to accept ANSI C
configure:3904: cc  -c   conftest.c >&5
configure:3907: $? = 0
configure:3910: test -s conftest.o
configure:3913: $? = 0
configure:3930: result: none needed
configure:3938: checking for an ANSI C-conforming const
configure:4002: cc -c   conftest.c >&5
configure:4005: $? = 0
configure:4008: test -s conftest.o
configure:4011: $? = 0
configure:4021: result: yes
configure:4031: checking whether byte ordering is bigendian
configure:4056: cc -c   conftest.c >&5
configure:4059: $? = 0
configure:4062: test -s conftest.o
configure:4065: $? = 0
configure:4086: cc -c   conftest.c >&5
configure: In function 'main':
configure:4077:2: error: unknown type name 'not'; did you mean 'ino_t'?
 #if BYTE_ORDER != BIG_ENDIAN
  ^~~
  ino_t
configure:4077:10: error: expected '=', ',', ';', 'asm' or '__attribute__' before 'endian'
 #if BYTE_ORDER != BIG_ENDIAN
          ^~~~~~
configure:4089: $? = 1
configure: failed program was:
#line 4069 "configure"
#include "confdefs.h"
#include <sys/types.h>
#include <sys/param.h>

int
main ()
{
#if BYTE_ORDER != BIG_ENDIAN
 not big endian
#endif

  ;
  return 0;
}
configure:4153: result: no
configure:4187: checking for ANSI C header files
configure:4201: cc -E  conftest.c
configure:4207: $? = 0
configure:4294: cc -o conftest    conftest.c  >&5
configure: In function 'main':
configure:4286:7: warning: implicit declaration of function 'exit' [-Wimplicit-function-declaration]
   for (i = 0; i < 256; i++)
       ^~~~
configure:4286:7: warning: incompatible implicit declaration of built-in function 'exit'
configure:4286:7: note: include '<stdlib.h>' or provide a declaration of 'exit'
configure:4270:1:
+#include <stdlib.h>
 #include <ctype.h>
configure:4286:7:
   for (i = 0; i < 256; i++)
       ^~~~
configure:4287:3: warning: incompatible implicit declaration of built-in function 'exit'
     if (XOR (islower (i), ISLOWER (i))
   ^ ~~
configure:4287:3: note: include '<stdlib.h>' or provide a declaration of 'exit'
configure:4297: $? = 0
configure:4299: ./conftest
configure:4302: $? = 0
configure:4315: result: yes
configure:4331: checking for sys/types.h
configure:4343: cc -c   conftest.c >&5
configure:4346: $? = 0
configure:4349: test -s conftest.o
configure:4352: $? = 0
configure:4362: result: yes
configure:4331: checking for sys/stat.h
configure:4343: cc -c   conftest.c >&5
configure:4346: $? = 0
configure:4349: test -s conftest.o
configure:4352: $? = 0
configure:4362: result: yes
configure:4331: checking for stdlib.h
configure:4343: cc -c   conftest.c >&5
configure:4346: $? = 0
configure:4349: test -s conftest.o
configure:4352: $? = 0
configure:4362: result: yes
configure:4331: checking for string.h
configure:4343: cc -c   conftest.c >&5
configure:4346: $? = 0
configure:4349: test -s conftest.o
configure:4352: $? = 0
configure:4362: result: yes
configure:4331: checking for memory.h
configure:4343: cc -c   conftest.c >&5
configure:4346: $? = 0
configure:4349: test -s conftest.o
configure:4352: $? = 0
configure:4362: result: yes
configure:4331: checking for strings.h
configure:4343: cc -c   conftest.c >&5
configure:4346: $? = 0
configure:4349: test -s conftest.o
configure:4352: $? = 0
configure:4362: result: yes
configure:4331: checking for inttypes.h
configure:4343: cc -c   conftest.c >&5
configure:4346: $? = 0
configure:4349: test -s conftest.o
configure:4352: $? = 0
configure:4362: result: yes
configure:4331: checking for stdint.h
configure:4343: cc -c   conftest.c >&5
configure:4346: $? = 0
configure:4349: test -s conftest.o
configure:4352: $? = 0
configure:4362: result: yes
configure:4331: checking for unistd.h
configure:4343: cc -c   conftest.c >&5
configure:4346: $? = 0
configure:4349: test -s conftest.o
configure:4352: $? = 0
configure:4362: result: yes
configure:4372: checking whether char is unsigned
configure:4390: cc -c   conftest.c >&5
configure:4393: $? = 0
configure:4396: test -s conftest.o
configure:4399: $? = 0
configure:4409: result: no
configure:4418: checking for signed char
configure:4439: cc -c   conftest.c >&5
configure:4442: $? = 0
configure:4445: test -s conftest.o
configure:4448: $? = 0
configure:4458: result: yes
configure:4461: checking size of signed char
configure:4625: cc -o conftest    conftest.c  >&5
configure:4628: $? = 0
configure:4630: ./conftest
configure:4633: $? = 0
configure:4649: result: 1
configure:4655: checking for unsigned char
configure:4676: cc -c   conftest.c >&5
configure:4679: $? = 0
configure:4682: test -s conftest.o
configure:4685: $? = 0
configure:4695: result: yes
configure:4698: checking size of unsigned char
configure:4862: cc -o conftest    conftest.c  >&5
configure:4865: $? = 0
configure:4867: ./conftest
configure:4870: $? = 0
configure:4886: result: 1
configure:4892: checking for unsigned short
configure:4913: cc -c   conftest.c >&5
configure:4916: $? = 0
configure:4919: test -s conftest.o
configure:4922: $? = 0
configure:4932: result: yes
configure:4935: checking size of unsigned short
configure:5099: cc -o conftest    conftest.c  >&5
configure:5102: $? = 0
configure:5104: ./conftest
configure:5107: $? = 0
configure:5123: result: 2
configure:5129: checking for unsigned int
configure:5150: cc -c   conftest.c >&5
configure:5153: $? = 0
configure:5156: test -s conftest.o
configure:5159: $? = 0
configure:5169: result: yes
configure:5172: checking size of unsigned int
configure:5336: cc -o conftest    conftest.c  >&5
configure:5339: $? = 0
configure:5341: ./conftest
configure:5344: $? = 0
configure:5360: result: 4
configure:5366: checking for unsigned long
configure:5387: cc -c   conftest.c >&5
configure:5390: $? = 0
configure:5393: test -s conftest.o
configure:5396: $? = 0
configure:5406: result: yes
configure:5409: checking size of unsigned long
configure:5573: cc -o conftest    conftest.c  >&5
configure:5576: $? = 0
configure:5578: ./conftest
configure:5581: $? = 0
configure:5597: result: 8
configure:5603: checking for unsigned long long
configure:5624: cc -c   conftest.c >&5
configure:5627: $? = 0
configure:5630: test -s conftest.o
configure:5633: $? = 0
configure:5643: result: yes
configure:5646: checking size of unsigned long long
configure:5810: cc -o conftest    conftest.c  >&5
configure:5813: $? = 0
configure:5815: ./conftest
configure:5818: $? = 0
configure:5834: result: 8
configure:5840: checking for long double
configure:5888: result: yes
configure:6067: checking for stdlib.h
configure:6102: result: yes
configure:6115: checking for stddef.h
configure:6125: c++ -E  conftest.cc
configure:6131: $? = 0
configure:6150: result: yes
configure:6163: checking for stdio.h
configure:6173: c++ -E  conftest.cc
configure:6179: $? = 0
configure:6198: result: yes
configure:6209: checking for vsnprintf()
configure:6229: c++ -c   conftest.cc >&5
configure: In function 'int main()':
configure:6222:22: error: invalid conversion from 'int' to '__va_list_tag*' [-fpermissive]
 {
                      ^
In file included from configure:6218:
/usr/include/stdio.h:359:57: note:   initializing argument 4 of 'int vsnprintf(char*, size_t, const char*, __va_list_tag*)'
         const char *__restrict __format, __gnuc_va_list __arg)
                                          ~~~~~~~~~~~~~~~^~~~~
configure:6232: $? = 1
configure: failed program was:
#line 6217 "configure"
#include "confdefs.h"
#include <stdio.h>
int
main ()
{
{vsnprintf(NULL,0,"",5);}
  ;
  return 0;
}
configure:6248: result: no
configure:6255: checking for out_waiting()
configure:6271: c++ -c   conftest.cc >&5
configure:6260:10: fatal error: iostream.h: No such file or directory
 #include "confdefs.h"
          ^~~~~~~~~~~~
compilation terminated.
configure:6274: $? = 1
configure: failed program was:
#line 6259 "configure"
#include "confdefs.h"
#include <iostream.h>
int
main ()
{
{cout.rdbuf()->out_waiting();}
  ;
  return 0;
}
configure:6290: result: no
configure:6298: checking for errno.h
configure:6308: c++ -E  conftest.cc
configure:6314: $? = 0
configure:6333: result: yes
configure:6346: checking for unistd.h
configure:6381: result: yes
configure:6394: checking for sysent.h
configure:6404: c++ -E  conftest.cc
configure:6401:10: fatal error: sysent.h: No such file or directory
 #include "confdefs.h"
          ^~~~~~~~~~
compilation terminated.
configure:6410: $? = 1
configure: failed program was:
#line 6400 "configure"
#include "confdefs.h"
#include <sysent.h>
configure:6429: result: no
configure:6443: checking for mawk
configure:6469: result: no
configure:6443: checking for gawk
configure:6458: found /usr/bin/gawk
configure:6466: result: gawk
configure:6539: checking for string.h
configure:6574: result: yes
configure:6585: checking whether reentrant string API is available
configure:6609: c++ -o conftest    conftest.cc  >&5
configure:6612: $? = 0
configure:6615: test -s conftest
configure:6618: $? = 0
configure:6625: result: yes
configure:6642: checking where 'sys_errlist' is defined
configure:6660: c++ -c   conftest.cc >&5
configure:6663: $? = 0
configure:6666: test -s conftest.o
configure:6669: $? = 0
configure:6676: result: stdio.h
configure:6743: checking for sys/msg.h
configure:6753: c++ -E  conftest.cc
configure:6759: $? = 0
configure:6778: result: yes
configure:6791: checking for pthread.h
configure:6801: c++ -E  conftest.cc
configure:6807: $? = 0
configure:6826: result: yes
configure:6839: checking for synch.h
configure:6849: c++ -E  conftest.cc
configure:6846:10: fatal error: synch.h: No such file or directory
 #include "confdefs.h"
          ^~~~~~~~~
compilation terminated.
configure:6855: $? = 1
configure: failed program was:
#line 6845 "configure"
#include "confdefs.h"
#include <synch.h>
configure:6874: result: no
configure:6887: checking for tis.h
configure:6897: c++ -E  conftest.cc
configure:6894:10: fatal error: tis.h: No such file or directory
 #include "confdefs.h"
          ^~~~~~~
compilation terminated.
configure:6903: $? = 1
configure: failed program was:
#line 6893 "configure"
#include "confdefs.h"
#include <tis.h>
configure:6922: result: no
configure:6947: checking for time.h
configure:6957: c++ -E  conftest.cc
configure:6963: $? = 0
configure:6982: result: yes
configure:7062: checking trying to recognize local timezone CST
configure:7177: checking for semaphore.h
configure:7187: c++ -E  conftest.cc
configure:7193: $? = 0
configure:7212: result: yes
configure:7230: checking for NT services
configure:7245: result: no
configure:7257: checking for insure
configure:7283: result: no
configure:7257: checking for insight
configure:7283: result: no
configure:7298: checking for default debug/optimization setup
configure:7377: result:  
configure:7384: result: skipping library dependency check
configure:7423: checking for crypt.h
configure:7433: c++ -E  conftest.cc
configure:7439: $? = 0
configure:7458: result: yes
configure:7561: creating ./config.status

## ----------------------- ##
## Running config.status.  ##
## ----------------------- ##

This file was extended by config.status 2.52, executed with
  CONFIG_FILES    = 
  CONFIG_HEADERS  = 
  CONFIG_LINKS    = 
  CONFIG_COMMANDS = 
  > ./config.status 
on cmslpc-el8-heavy02.fnal.gov

config.status:8100: creating Gmake/tail_user.mk
config.status:8100: creating Gmake/head.mk
config.status:8100: creating Gmake/tail.mk
config.status:8100: creating Gmake/tcl.mk
config.status:8100: creating Startup.sh
config.status:8100: creating makedep.awk
config.status:8100: creating Makefile
config.status:8100: creating headers/Makefile
config.status:8192: creating headers/sc_config.h

## ----------------- ##
## Cache variables.  ##
## ----------------- ##

ac_cv_build=x86_64-unknown-linux-gnu
ac_cv_build_alias=x86_64-unknown-linux-gnu
ac_cv_c_bigendian=no
ac_cv_c_char_unsigned=no
ac_cv_c_compiler_gnu=yes
ac_cv_c_const=yes
ac_cv_c_long_double=yes
ac_cv_cxx_compiler_gnu=yes
ac_cv_env_CC_set=
ac_cv_env_CC_value=
ac_cv_env_CFLAGS_set=
ac_cv_env_CFLAGS_value=
ac_cv_env_CPPFLAGS_set=
ac_cv_env_CPPFLAGS_value=
ac_cv_env_CPP_set=
ac_cv_env_CPP_value=
ac_cv_env_CXXCPP_set=
ac_cv_env_CXXCPP_value=
ac_cv_env_CXXFLAGS_set=
ac_cv_env_CXXFLAGS_value=
ac_cv_env_CXX_set=
ac_cv_env_CXX_value=
ac_cv_env_LDFLAGS_set=
ac_cv_env_LDFLAGS_value=
ac_cv_env_build_alias_set=
ac_cv_env_build_alias_value=
ac_cv_env_host_alias_set=
ac_cv_env_host_alias_value=
ac_cv_env_target_alias_set=
ac_cv_env_target_alias_value=
ac_cv_header_crypt_h=yes
ac_cv_header_errno_h=yes
ac_cv_header_inttypes_h=yes
ac_cv_header_memory_h=yes
ac_cv_header_pthread_h=yes
ac_cv_header_semaphore_h=yes
ac_cv_header_stdc=yes
ac_cv_header_stddef_h=yes
ac_cv_header_stdint_h=yes
ac_cv_header_stdio_h=yes
ac_cv_header_stdlib_h=yes
ac_cv_header_string_h=yes
ac_cv_header_strings_h=yes
ac_cv_header_synch_h=no
ac_cv_header_sys_msg_h=yes
ac_cv_header_sys_stat_h=yes
ac_cv_header_sys_types_h=yes
ac_cv_header_sysent_h=no
ac_cv_header_time_h=yes
ac_cv_header_tis_h=no
ac_cv_header_unistd_h=yes
ac_cv_host=x86_64-unknown-linux-gnu
ac_cv_host_alias=x86_64-unknown-linux-gnu
ac_cv_objext=o
ac_cv_path_install='/usr/bin/install -c'
ac_cv_prog_AWK=gawk
ac_cv_prog_CC=cc
ac_cv_prog_CPP='cc -E'
ac_cv_prog_CXX=c++
ac_cv_prog_CXXCPP='c++ -E'
ac_cv_prog_FIND=find
ac_cv_prog_MKDIRHIER=mkdirhier
ac_cv_prog_ac_ct_CC=gcc
ac_cv_prog_ac_ct_CXX=g++
ac_cv_prog_cc_g=yes
ac_cv_prog_cc_stdc=
ac_cv_prog_cxx_g=yes
ac_cv_prog_make_make_set=yes
ac_cv_sizeof_signed_char=1
ac_cv_sizeof_unsigned_char=1
ac_cv_sizeof_unsigned_int=4
ac_cv_sizeof_unsigned_long=8
ac_cv_sizeof_unsigned_long_long=8
ac_cv_sizeof_unsigned_short=2
ac_cv_target=x86_64-unknown-linux-gnu
ac_cv_target_alias=x86_64-unknown-linux-gnu
ac_cv_type_signed_char=yes
ac_cv_type_unsigned_char=yes
ac_cv_type_unsigned_int=yes
ac_cv_type_unsigned_long=yes
ac_cv_type_unsigned_long_long=yes
ac_cv_type_unsigned_short=yes

## ------------ ##
## confdefs.h.  ##
## ------------ ##

#ifdef __cplusplus
#include <stdlib.h>
#endif
#define CXX_HAVE_EXCEPTIONS 1
#define AC_BIGENDIAN 0
#define HAVE_CONST 1
#define STDC_HEADERS 1
#define HAVE_SYS_TYPES_H 1
#define HAVE_SYS_STAT_H 1
#define HAVE_STDLIB_H 1
#define HAVE_STRING_H 1
#define HAVE_MEMORY_H 1
#define HAVE_STRINGS_H 1
#define HAVE_INTTYPES_H 1
#define HAVE_STDINT_H 1
#define HAVE_UNISTD_H 1
#define SIZEOF_SIGNED_CHAR 1
#define SIZEOF_UNSIGNED_CHAR 1
#define SIZEOF_UNSIGNED_SHORT 2
#define SIZEOF_UNSIGNED_INT 4
#define SIZEOF_UNSIGNED_LONG 8
#define SIZEOF_UNSIGNED_LONG_LONG 8
#define HAVE_LONG_DOUBLE 1
#define HAVE_STANDARD_SIZES 1
#define AC_SIZEOF_SCHAR 1
#define AC_SIZEOF_UCHAR 1
#define AC_SIZEOF_USHORT 2
#define AC_SIZEOF_UINT 4
#define AC_SIZEOF_ULONG 8
#define HAVE_STDLIB_H 1
#define HAVE_STDDEF_H 1
#define HAVE_STDIO_H 1
#define HAVE_ERRNO_H 1
#define HAVE_UNISTD_H 1
#define HAVE_STRING_H 1
#define USE_STRTOK_R 1
#define USE_SYS_ERRLIST_IN_STDIO_H 1
#define HAVE_SYS_MSG_H 1
#define HAVE_PTHREAD_H 1
#define HAVE_TIME_H 1
#define FOUND_TIMEZONE 1
#define AC_TIMEZONE_STRING "CST6CDT:M4.1.0:M10.5.0"
#define HAVE_SEMAPHORE_H 1
#define HAVE_CRYPT_H 1


configure: exit 0
